<?xml version="1.0" encoding="UTF-8"?>
<!-- Generated by org.testng.reporters.JUnitReportReporter -->
<testsuite hostname="TMZ-DPC-2215" failures="0" tests="2" name="Cucumber1.Runner" time="132.045" errors="0" timestamp="2023-11-06T12:22:32 IST" skipped="0">
  <testcase classname="Cucumber1.Runner" name="runScenario" time="61.888"/>
  <testcase classname="Cucumber1.Runner" name="runScenario" time="70.157"/>
</testsuite> <!-- Cucumber1.Runner -->
